{
  "RSpec": {
    "coverage": {
      "/Users/alisonwoodman/Documents/Makers/week-4/bookmark_manager/bookmark_manager_3/spec/features/add_user_account_spec.rb": [
        1,
        null,
        1,
        null,
        1,
        2,
        1,
        1,
        null,
        null
      ],
      "/Users/alisonwoodman/Documents/Makers/week-4/bookmark_manager/bookmark_manager_3/spec/features/web_helpers.rb": [
        1,
        5,
        5,
        5,
        5,
        5,
        null,
        null,
        1,
        null,
        null,
        2,
        2,
        2,
        2,
        2,
        2,
        null
      ],
      "/Users/alisonwoodman/Documents/Makers/week-4/bookmark_manager/bookmark_manager_3/spec/features/adding_tags_spec.rb": [
        1,
        null,
        1,
        1,
        1,
        1,
        null,
        null,
        1,
        1,
        1,
        1,
        null,
        null
      ],
      "/Users/alisonwoodman/Documents/Makers/week-4/bookmark_manager/bookmark_manager_3/spec/features/creating_links_spec.rb": [
        1,
        1,
        1,
        1,
        null,
        null
      ],
      "/Users/alisonwoodman/Documents/Makers/week-4/bookmark_manager/bookmark_manager_3/spec/features/filtering_by_tag_spec.rb": [
        1,
        null,
        1,
        1,
        1,
        1,
        1,
        1,
        1,
        null,
        null
      ],
      "/Users/alisonwoodman/Documents/Makers/week-4/bookmark_manager/bookmark_manager_3/spec/features/password_conf_spec.rb": [
        1,
        null,
        1,
        null,
        1,
        2,
        1,
        1,
        null,
        null,
        null
      ],
      "/Users/alisonwoodman/Documents/Makers/week-4/bookmark_manager/bookmark_manager_3/spec/features/see_existing_bookmarks_spec.rb": [
        1,
        1,
        1,
        1,
        1,
        null,
        null
      ]
    },
    "timestamp": 1501236429
  }
}
